\BOOKMARK [1][-]{section.1}{Textbook:}{}% 1
\BOOKMARK [1][-]{section.2}{The reference manual}{}% 2
\BOOKMARK [1][-]{section.3}{Beginning tutorials}{}% 3
\BOOKMARK [1][-]{section.4}{Physics tutorials}{}% 4
\BOOKMARK [1][-]{section.5}{Use Blender 2.5 or higher}{}% 5
\BOOKMARK [1][-]{section.6}{Starting Blender Game Engine Development}{}% 6
\BOOKMARK [1][-]{section.7}{Add some objects}{}% 7
\BOOKMARK [1][-]{section.8}{Add some behavior to the cube}{}% 8
\BOOKMARK [1][-]{section.9}{Add some physics}{}% 9
\BOOKMARK [1][-]{section.10}{Add some balls}{}% 10
\BOOKMARK [1][-]{section.11}{Add a door}{}% 11
\BOOKMARK [1][-]{section.12}{Lock the door}{}% 12
\BOOKMARK [1][-]{section.13}{Add a door key}{}% 13
\BOOKMARK [1][-]{section.14}{Add a camera}{}% 14
\BOOKMARK [1][-]{section.15}{Using animations}{}% 15
\BOOKMARK [1][-]{section.16}{Character modelling}{}% 16
\BOOKMARK [1][-]{section.17}{Character rigging}{}% 17
\BOOKMARK [1][-]{section.18}{Character animation}{}% 18
\BOOKMARK [1][-]{section.19}{Character textures}{}% 19
\BOOKMARK [1][-]{section.20}{Skybox}{}% 20
\BOOKMARK [1][-]{section.21}{Game actions}{}% 21
\BOOKMARK [1][-]{section.22}{Miscellaneous}{}% 22
\BOOKMARK [1][-]{section.23}{Assets}{}% 23
