This is pdfTeX, Version 3.1415926-2.3-1.40.12 (MiKTeX 2.9) (preloaded format=pdflatex 2012.3.7)  8 JAN 2013 17:33
entering extended mode
**history
(C:\Users\matthews\Documents\csci321\Lectures\history\history.tex
LaTeX2e <2011/06/27>
Babel <v3.8m> and hyphenation patterns for english, afrikaans, ancientgreek, ar
abic, armenian, assamese, basque, bengali, bokmal, bulgarian, catalan, coptic, 
croatian, czech, danish, dutch, esperanto, estonian, farsi, finnish, french, ga
lician, german, german-x-2009-06-19, greek, gujarati, hindi, hungarian, iceland
ic, indonesian, interlingua, irish, italian, kannada, kurmanji, lao, latin, lat
vian, lithuanian, malayalam, marathi, mongolian, mongolianlmc, monogreek, ngerm
an, ngerman-x-2009-06-19, nynorsk, oriya, panjabi, pinyin, polish, portuguese, 
romanian, russian, sanskrit, serbian, slovak, slovenian, spanish, swedish, swis
sgerman, tamil, telugu, turkish, turkmen, ukenglish, ukrainian, uppersorbian, u
senglishmax, welsh, loaded.
(C:\Users\matthews\AppData\Roaming\MiKTeX\2.9\tex\latex\beamer\base\beamer.cls
(C:\Users\matthews\AppData\Roaming\MiKTeX\2.9\tex\latex\beamer\base\beamerbaser
cs.sty
Package: beamerbasercs 2012/11/13 (rcs-revision cb16a617839f)
)
Document Class: beamer 2012/10/15 development version 3.24 A class for typesett
ing presentations (rcs-revision 24853e6b98cf)

(C:\Users\matthews\AppData\Roaming\MiKTeX\2.9\tex\latex\beamer\base\beamerbasem
odes.sty
Package: beamerbasemodes 2012/04/15 (rcs-revision cc6557182d97)
\beamer@tempbox=\box26
\beamer@tempcount=\count79
\c@beamerpauses=\count80

(C:\Users\matthews\AppData\Roaming\MiKTeX\2.9\tex\latex\beamer\base\beamerbased
ecode.sty
Package: beamerbasedecode 2010/05/01 (rcs-revision efa082c6111d)
\beamer@slideinframe=\count81
\beamer@minimum=\count82
)
\beamer@commentbox=\box27
\beamer@modecount=\count83
) ("C:\Program Files (x86)\MiKTeX 2.9\tex\generic\oberdiek\ifpdf.sty"
Package: ifpdf 2011/01/30 v2.3 Provides the ifpdf switch (HO)
Package ifpdf Info: pdfTeX in PDF mode is detected.
)
\headheight=\dimen102
\headdp=\dimen103
\footheight=\dimen104
\sidebarheight=\dimen105
\beamer@tempdim=\dimen106
\beamer@finalheight=\dimen107
\beamer@animht=\dimen108
\beamer@animdp=\dimen109
\beamer@animwd=\dimen110
\beamer@leftmargin=\dimen111
\beamer@rightmargin=\dimen112
\beamer@leftsidebar=\dimen113
\beamer@rightsidebar=\dimen114
\beamer@boxsize=\dimen115
\beamer@vboxoffset=\dimen116
\beamer@descdefault=\dimen117
\beamer@descriptionwidth=\dimen118
\beamer@lastskip=\skip41
\beamer@areabox=\box28
\beamer@animcurrent=\box29
\beamer@animshowbox=\box30
\beamer@sectionbox=\box31
\beamer@logobox=\box32
\beamer@linebox=\box33
\beamer@sectioncount=\count84
\beamer@subsubsectionmax=\count85
\beamer@subsectionmax=\count86
\beamer@sectionmax=\count87
\beamer@totalheads=\count88
\beamer@headcounter=\count89
\beamer@partstartpage=\count90
\beamer@sectionstartpage=\count91
\beamer@subsectionstartpage=\count92
\beamer@animationtempa=\count93
\beamer@animationtempb=\count94
\beamer@xpos=\count95
\beamer@ypos=\count96
\beamer@showpartnumber=\count97
\beamer@currentsubsection=\count98
\beamer@coveringdepth=\count99
\beamer@sectionadjust=\count100
\beamer@tocsectionnumber=\count101

(C:\Users\matthews\AppData\Roaming\MiKTeX\2.9\tex\latex\beamer\base\beamerbaseo
ptions.sty
Package: beamerbaseoptions 2010/04/27 (rcs-revision 982469101dd6)
 ("C:\Program Files (x86)\MiKTeX 2.9\tex\latex\graphics\keyval.sty"
Package: keyval 1999/03/16 v1.13 key=value parser (DPC)
\KV@toks@=\toks14
))
\beamer@paperwidth=\skip42
\beamer@paperheight=\skip43
("C:\Program Files (x86)\MiKTeX 2.9\tex\latex\geometry\geometry.sty"
Package: geometry 2010/09/12 v5.6 Page Geometry

("C:\Program Files (x86)\MiKTeX 2.9\tex\generic\oberdiek\ifvtex.sty"
Package: ifvtex 2010/03/01 v1.5 Switches for detecting VTeX and its modes (HO)
Package ifvtex Info: VTeX not detected.
)
("C:\Program Files (x86)\MiKTeX 2.9\tex\generic\ifxetex\ifxetex.sty"
Package: ifxetex 2010/09/12 v0.6 Provides ifxetex conditional
)
\Gm@cnth=\count102
\Gm@cntv=\count103
\c@Gm@tempcnt=\count104
\Gm@bindingoffset=\dimen119
\Gm@wd@mp=\dimen120
\Gm@odd@mp=\dimen121
\Gm@even@mp=\dimen122
\Gm@layoutwidth=\dimen123
\Gm@layoutheight=\dimen124
\Gm@layouthoffset=\dimen125
\Gm@layoutvoffset=\dimen126
\Gm@dimlist=\toks15

("C:\Program Files (x86)\MiKTeX 2.9\tex\latex\geometry\geometry.cfg"))
("C:\Program Files (x86)\MiKTeX 2.9\tex\latex\base\size11.clo"
File: size11.clo 2007/10/19 v1.4h Standard LaTeX file (size option)
)
("C:\Program Files (x86)\MiKTeX 2.9\tex\latex\pgf\basiclayer\pgfcore.sty"
("C:\Program Files (x86)\MiKTeX 2.9\tex\latex\graphics\graphicx.sty"
Package: graphicx 1999/02/16 v1.0f Enhanced LaTeX Graphics (DPC,SPQR)

("C:\Program Files (x86)\MiKTeX 2.9\tex\latex\graphics\graphics.sty"
Package: graphics 2009/02/05 v1.0o Standard LaTeX Graphics (DPC,SPQR)

("C:\Program Files (x86)\MiKTeX 2.9\tex\latex\graphics\trig.sty"
Package: trig 1999/03/16 v1.09 sin cos tan (DPC)
)
("C:\Program Files (x86)\MiKTeX 2.9\tex\latex\00miktex\graphics.cfg"
File: graphics.cfg 2007/01/18 v1.5 graphics configuration of teTeX/TeXLive
)
Package graphics Info: Driver file: pdftex.def on input line 91.

("C:\Program Files (x86)\MiKTeX 2.9\tex\latex\pdftex-def\pdftex.def"
File: pdftex.def 2011/05/27 v0.06d Graphics/color for pdfTeX

("C:\Program Files (x86)\MiKTeX 2.9\tex\generic\oberdiek\infwarerr.sty"
Package: infwarerr 2010/04/08 v1.3 Providing info/warning/message (HO)
)
("C:\Program Files (x86)\MiKTeX 2.9\tex\generic\oberdiek\ltxcmds.sty"
Package: ltxcmds 2011/04/18 v1.20 LaTeX kernel commands for general use (HO)
)
\Gread@gobject=\count105
))
\Gin@req@height=\dimen127
\Gin@req@width=\dimen128
)
("C:\Program Files (x86)\MiKTeX 2.9\tex\latex\pgf\systemlayer\pgfsys.sty"
("C:\Program Files (x86)\MiKTeX 2.9\tex\latex\pgf\utilities\pgfrcs.sty"
("C:\Program Files (x86)\MiKTeX 2.9\tex\generic\pgf\utilities\pgfutil-common.te
x"
\pgfutil@everybye=\toks16
)
("C:\Program Files (x86)\MiKTeX 2.9\tex\generic\pgf\utilities\pgfutil-latex.def
"
\pgfutil@abb=\box34
 (C:\Users\matthews\AppData\Roaming\MiKTeX\2.9\tex\latex\ms\everyshi.sty
Package: everyshi 2001/05/15 v3.00 EveryShipout Package (MS)
))
("C:\Program Files (x86)\MiKTeX 2.9\tex\generic\pgf\utilities\pgfrcs.code.tex"
Package: pgfrcs 2010/10/25 v2.10 (rcs-revision 1.24)
))
("C:\Program Files (x86)\MiKTeX 2.9\tex\generic\pgf\systemlayer\pgfsys.code.tex
"
Package: pgfsys 2010/06/30 v2.10 (rcs-revision 1.37)
 ("C:\Program Files (x86)\MiKTeX 2.9\tex\generic\pgf\utilities\pgfkeys.code.tex
"
\pgfkeys@pathtoks=\toks17
\pgfkeys@temptoks=\toks18

("C:\Program Files (x86)\MiKTeX 2.9\tex\generic\pgf\utilities\pgfkeysfiltered.c
ode.tex"
\pgfkeys@tmptoks=\toks19
))
\pgf@x=\dimen129
\pgf@y=\dimen130
\pgf@xa=\dimen131
\pgf@ya=\dimen132
\pgf@xb=\dimen133
\pgf@yb=\dimen134
\pgf@xc=\dimen135
\pgf@yc=\dimen136
\w@pgf@writea=\write3
\r@pgf@reada=\read1
\c@pgf@counta=\count106
\c@pgf@countb=\count107
\c@pgf@countc=\count108
\c@pgf@countd=\count109

("C:\Program Files (x86)\MiKTeX 2.9\tex\generic\pgf\systemlayer\pgf.cfg"
File: pgf.cfg 2008/05/14  (rcs-revision 1.7)
)
Package pgfsys Info: Driver file for pgf: pgfsys-pdftex.def on input line 900.

("C:\Program Files (x86)\MiKTeX 2.9\tex\generic\pgf\systemlayer\pgfsys-pdftex.d
ef"
File: pgfsys-pdftex.def 2009/05/22  (rcs-revision 1.26)

("C:\Program Files (x86)\MiKTeX 2.9\tex\generic\pgf\systemlayer\pgfsys-common-p
df.def"
File: pgfsys-common-pdf.def 2008/05/19  (rcs-revision 1.10)
)))
("C:\Program Files (x86)\MiKTeX 2.9\tex\generic\pgf\systemlayer\pgfsyssoftpath.
code.tex"
File: pgfsyssoftpath.code.tex 2008/07/18  (rcs-revision 1.7)
\pgfsyssoftpath@smallbuffer@items=\count110
\pgfsyssoftpath@bigbuffer@items=\count111
)
("C:\Program Files (x86)\MiKTeX 2.9\tex\generic\pgf\systemlayer\pgfsysprotocol.
code.tex"
File: pgfsysprotocol.code.tex 2006/10/16  (rcs-revision 1.4)
))
(C:\Users\matthews\AppData\Roaming\MiKTeX\2.9\tex\latex\xcolor\xcolor.sty
Package: xcolor 2007/01/21 v2.11 LaTeX color extensions (UK)

("C:\Program Files (x86)\MiKTeX 2.9\tex\latex\00miktex\color.cfg"
File: color.cfg 2007/01/18 v1.5 color configuration of teTeX/TeXLive
)
Package xcolor Info: Driver file: pdftex.def on input line 225.
Package xcolor Info: Model `cmy' substituted by `cmy0' on input line 1337.
Package xcolor Info: Model `hsb' substituted by `rgb' on input line 1341.
Package xcolor Info: Model `RGB' extended on input line 1353.
Package xcolor Info: Model `HTML' substituted by `rgb' on input line 1355.
Package xcolor Info: Model `Hsb' substituted by `hsb' on input line 1356.
Package xcolor Info: Model `tHsb' substituted by `hsb' on input line 1357.
Package xcolor Info: Model `HSB' substituted by `hsb' on input line 1358.
Package xcolor Info: Model `Gray' substituted by `gray' on input line 1359.
Package xcolor Info: Model `wave' substituted by `hsb' on input line 1360.
)
("C:\Program Files (x86)\MiKTeX 2.9\tex\generic\pgf\basiclayer\pgfcore.code.tex
"
Package: pgfcore 2010/04/11 v2.10 (rcs-revision 1.7)
 ("C:\Program Files (x86)\MiKTeX 2.9\tex\generic\pgf\math\pgfmath.code.tex"
("C:\Program Files (x86)\MiKTeX 2.9\tex\generic\pgf\math\pgfmathcalc.code.tex"
("C:\Program Files (x86)\MiKTeX 2.9\tex\generic\pgf\math\pgfmathutil.code.tex")
("C:\Program Files (x86)\MiKTeX 2.9\tex\generic\pgf\math\pgfmathparser.code.tex
"
\pgfmath@dimen=\dimen137
\pgfmath@count=\count112
\pgfmath@box=\box35
\pgfmath@toks=\toks20
\pgfmath@stack@operand=\toks21
\pgfmath@stack@operation=\toks22
)
("C:\Program Files (x86)\MiKTeX 2.9\tex\generic\pgf\math\pgfmathfunctions.code.
tex"
("C:\Program Files (x86)\MiKTeX 2.9\tex\generic\pgf\math\pgfmathfunctions.basic
.code.tex")
("C:\Program Files (x86)\MiKTeX 2.9\tex\generic\pgf\math\pgfmathfunctions.trigo
nometric.code.tex")
("C:\Program Files (x86)\MiKTeX 2.9\tex\generic\pgf\math\pgfmathfunctions.rando
m.code.tex")
("C:\Program Files (x86)\MiKTeX 2.9\tex\generic\pgf\math\pgfmathfunctions.compa
rison.code.tex")
("C:\Program Files (x86)\MiKTeX 2.9\tex\generic\pgf\math\pgfmathfunctions.base.
code.tex")
("C:\Program Files (x86)\MiKTeX 2.9\tex\generic\pgf\math\pgfmathfunctions.round
.code.tex")
("C:\Program Files (x86)\MiKTeX 2.9\tex\generic\pgf\math\pgfmathfunctions.misc.
code.tex")))
("C:\Program Files (x86)\MiKTeX 2.9\tex\generic\pgf\math\pgfmathfloat.code.tex"
\c@pgfmathroundto@lastzeros=\count113
))
("C:\Program Files (x86)\MiKTeX 2.9\tex\generic\pgf\basiclayer\pgfcorepoints.co
de.tex"
File: pgfcorepoints.code.tex 2010/04/09  (rcs-revision 1.20)
\pgf@picminx=\dimen138
\pgf@picmaxx=\dimen139
\pgf@picminy=\dimen140
\pgf@picmaxy=\dimen141
\pgf@pathminx=\dimen142
\pgf@pathmaxx=\dimen143
\pgf@pathminy=\dimen144
\pgf@pathmaxy=\dimen145
\pgf@xx=\dimen146
\pgf@xy=\dimen147
\pgf@yx=\dimen148
\pgf@yy=\dimen149
\pgf@zx=\dimen150
\pgf@zy=\dimen151
)
("C:\Program Files (x86)\MiKTeX 2.9\tex\generic\pgf\basiclayer\pgfcorepathconst
ruct.code.tex"
File: pgfcorepathconstruct.code.tex 2010/08/03  (rcs-revision 1.24)
\pgf@path@lastx=\dimen152
\pgf@path@lasty=\dimen153
)
("C:\Program Files (x86)\MiKTeX 2.9\tex\generic\pgf\basiclayer\pgfcorepathusage
.code.tex"
File: pgfcorepathusage.code.tex 2008/04/22  (rcs-revision 1.12)
\pgf@shorten@end@additional=\dimen154
\pgf@shorten@start@additional=\dimen155
)
("C:\Program Files (x86)\MiKTeX 2.9\tex\generic\pgf\basiclayer\pgfcorescopes.co
de.tex"
File: pgfcorescopes.code.tex 2010/09/08  (rcs-revision 1.34)
\pgfpic=\box36
\pgf@hbox=\box37
\pgf@layerbox@main=\box38
\pgf@picture@serial@count=\count114
)
("C:\Program Files (x86)\MiKTeX 2.9\tex\generic\pgf\basiclayer\pgfcoregraphicst
ate.code.tex"
File: pgfcoregraphicstate.code.tex 2008/04/22  (rcs-revision 1.9)
\pgflinewidth=\dimen156
)
("C:\Program Files (x86)\MiKTeX 2.9\tex\generic\pgf\basiclayer\pgfcoretransform
ations.code.tex"
File: pgfcoretransformations.code.tex 2009/06/10  (rcs-revision 1.11)
\pgf@pt@x=\dimen157
\pgf@pt@y=\dimen158
\pgf@pt@temp=\dimen159
)
("C:\Program Files (x86)\MiKTeX 2.9\tex\generic\pgf\basiclayer\pgfcorequick.cod
e.tex"
File: pgfcorequick.code.tex 2008/10/09  (rcs-revision 1.3)
)
("C:\Program Files (x86)\MiKTeX 2.9\tex\generic\pgf\basiclayer\pgfcoreobjects.c
ode.tex"
File: pgfcoreobjects.code.tex 2006/10/11  (rcs-revision 1.2)
)
("C:\Program Files (x86)\MiKTeX 2.9\tex\generic\pgf\basiclayer\pgfcorepathproce
ssing.code.tex"
File: pgfcorepathprocessing.code.tex 2008/10/09  (rcs-revision 1.8)
)
("C:\Program Files (x86)\MiKTeX 2.9\tex\generic\pgf\basiclayer\pgfcorearrows.co
de.tex"
File: pgfcorearrows.code.tex 2008/04/23  (rcs-revision 1.11)
)
("C:\Program Files (x86)\MiKTeX 2.9\tex\generic\pgf\basiclayer\pgfcoreshade.cod
e.tex"
File: pgfcoreshade.code.tex 2008/11/23  (rcs-revision 1.13)
\pgf@max=\dimen160
\pgf@sys@shading@range@num=\count115
)
("C:\Program Files (x86)\MiKTeX 2.9\tex\generic\pgf\basiclayer\pgfcoreimage.cod
e.tex"
File: pgfcoreimage.code.tex 2010/03/25  (rcs-revision 1.16)

("C:\Program Files (x86)\MiKTeX 2.9\tex\generic\pgf\basiclayer\pgfcoreexternal.
code.tex"
File: pgfcoreexternal.code.tex 2010/09/01  (rcs-revision 1.17)
\pgfexternal@startupbox=\box39
))
("C:\Program Files (x86)\MiKTeX 2.9\tex\generic\pgf\basiclayer\pgfcorelayers.co
de.tex"
File: pgfcorelayers.code.tex 2010/08/27  (rcs-revision 1.2)
)
("C:\Program Files (x86)\MiKTeX 2.9\tex\generic\pgf\basiclayer\pgfcoretranspare
ncy.code.tex"
File: pgfcoretransparency.code.tex 2008/01/17  (rcs-revision 1.2)
)
("C:\Program Files (x86)\MiKTeX 2.9\tex\generic\pgf\basiclayer\pgfcorepatterns.
code.tex"
File: pgfcorepatterns.code.tex 2009/07/02  (rcs-revision 1.3)
)))
("C:\Program Files (x86)\MiKTeX 2.9\tex\latex\pgf\utilities\xxcolor.sty"
Package: xxcolor 2003/10/24 ver 0.1
\XC@nummixins=\count116
\XC@countmixins=\count117
)
("C:\Program Files (x86)\MiKTeX 2.9\tex\latex\hyperref\hyperref.sty"
Package: hyperref 2011/12/04 v6.82m Hypertext links for LaTeX

("C:\Program Files (x86)\MiKTeX 2.9\tex\generic\oberdiek\hobsub-hyperref.sty"
Package: hobsub-hyperref 2011/04/23 v1.4 Bundle oberdiek, subset hyperref (HO)

("C:\Program Files (x86)\MiKTeX 2.9\tex\generic\oberdiek\hobsub-generic.sty"
Package: hobsub-generic 2011/04/23 v1.4 Bundle oberdiek, subset generic (HO)
Package: hobsub 2011/04/23 v1.4 Subsetting bundle oberdiek (HO)
Package hobsub Info: Skipping package `infwarerr' (already loaded).
Package hobsub Info: Skipping package `ltxcmds' (already loaded).
Package: ifluatex 2010/03/01 v1.3 Provides the ifluatex switch (HO)
Package ifluatex Info: LuaTeX not detected.
Package hobsub Info: Skipping package `ifvtex' (already loaded).
Package: intcalc 2007/09/27 v1.1 Expandable integer calculations (HO)
Package hobsub Info: Skipping package `ifpdf' (already loaded).
Package: etexcmds 2011/02/16 v1.5 Prefix for e-TeX command names (HO)
Package etexcmds Info: Could not find \expanded.
(etexcmds)             That can mean that you are not using pdfTeX 1.50 or
(etexcmds)             that some package has redefined \expanded.
(etexcmds)             In the latter case, load this package earlier.
Package: kvsetkeys 2011/04/07 v1.13 Key value parser (HO)
Package: kvdefinekeys 2011/04/07 v1.3 Defining keys (HO)
Package: pdftexcmds 2011/04/22 v0.16 Utilities of pdfTeX for LuaTeX (HO)
Package pdftexcmds Info: LuaTeX not detected.
Package pdftexcmds Info: \pdf@primitive is available.
Package pdftexcmds Info: \pdf@ifprimitive is available.
Package pdftexcmds Info: \pdfdraftmode found.
Package: pdfescape 2011/04/04 v1.12 Provides string conversions (HO)
Package: bigintcalc 2011/01/30 v1.2 Expandable big integer calculations (HO)
Package: bitset 2011/01/30 v1.1 Data type bit set (HO)
Package: uniquecounter 2011/01/30 v1.2 Provides unlimited unique counter (HO)
)
Package hobsub Info: Skipping package `hobsub' (already loaded).
Package: letltxmacro 2010/09/02 v1.4 Let assignment for LaTeX macros (HO)
Package: hopatch 2011/01/30 v1.0 Wrapper for package hooks (HO)
Package: xcolor-patch 2011/01/30 xcolor patch
Package: atveryend 2011/04/23 v1.7 Hooks at very end of document (HO)
Package: atbegshi 2011/01/30 v1.15 At begin shipout hook (HO)
Package: refcount 2010/12/01 v3.2 Data extraction from references (HO)
Package: hycolor 2011/01/30 v1.7 Color options of hyperref/bookmark (HO)
)
("C:\Program Files (x86)\MiKTeX 2.9\tex\latex\oberdiek\kvoptions.sty"
Package: kvoptions 2010/12/23 v3.10 Keyval support for LaTeX options (HO)
)
\@linkdim=\dimen161
\Hy@linkcounter=\count118
\Hy@pagecounter=\count119

("C:\Program Files (x86)\MiKTeX 2.9\tex\latex\hyperref\pd1enc.def"
File: pd1enc.def 2011/12/04 v6.82m Hyperref: PDFDocEncoding definition (HO)
)
\Hy@SavedSpaceFactor=\count120

("C:\Program Files (x86)\MiKTeX 2.9\tex\latex\00miktex\hyperref.cfg"
File: hyperref.cfg 2002/06/06 v1.2 hyperref configuration of TeXLive
)
Package hyperref Info: Option `bookmarks' set `true' on input line 3925.
Package hyperref Info: Option `bookmarksopen' set `true' on input line 3925.
Package hyperref Info: Option `implicit' set `false' on input line 3925.
Package hyperref Info: Hyper figures OFF on input line 4046.
Package hyperref Info: Link nesting OFF on input line 4051.
Package hyperref Info: Hyper index ON on input line 4054.
Package hyperref Info: Plain pages OFF on input line 4061.
Package hyperref Info: Backreferencing OFF on input line 4066.
Package hyperref Info: Implicit mode OFF; no redefinition of LaTeX internals.
Package hyperref Info: Bookmarks ON on input line 4284.
\c@Hy@tempcnt=\count121

("C:\Program Files (x86)\MiKTeX 2.9\tex\latex\ltxmisc\url.sty"
\Urlmuskip=\muskip10
Package: url 2006/04/12  ver 3.3  Verb mode for urls, etc.
)
LaTeX Info: Redefining \url on input line 4637.
\Fld@menulength=\count122
\Field@Width=\dimen162
\Fld@charsize=\dimen163
Package hyperref Info: Hyper figures OFF on input line 5757.
Package hyperref Info: Link nesting OFF on input line 5762.
Package hyperref Info: Hyper index ON on input line 5765.
Package hyperref Info: backreferencing OFF on input line 5772.
Package hyperref Info: Link coloring OFF on input line 5777.
Package hyperref Info: Link coloring with OCG OFF on input line 5782.
Package hyperref Info: PDF/A mode OFF on input line 5787.
LaTeX Info: Redefining \ref on input line 5827.
LaTeX Info: Redefining \pageref on input line 5831.
\Hy@abspage=\count123


Package hyperref Message: Stopped early.

)

Package hyperref Message: Driver (autodetected): hpdftex.

("C:\Program Files (x86)\MiKTeX 2.9\tex\latex\hyperref\hpdftex.def"
File: hpdftex.def 2011/12/04 v6.82m Hyperref driver for pdfTeX
\Fld@listcount=\count124
\c@bookmark@seq@number=\count125

("C:\Program Files (x86)\MiKTeX 2.9\tex\latex\oberdiek\rerunfilecheck.sty"
Package: rerunfilecheck 2011/04/15 v1.7 Rerun checks for auxiliary files (HO)
Package uniquecounter Info: New unique counter `rerunfilecheck' on input line 2
82.
))
(C:\Users\matthews\AppData\Roaming\MiKTeX\2.9\tex\latex\beamer\base\beamerbaser
equires.sty
Package: beamerbaserequires 2010/05/01  (rcs-revision efa082c6111d)

(C:\Users\matthews\AppData\Roaming\MiKTeX\2.9\tex\latex\beamer\base\beamerbasec
ompatibility.sty
Package: beamerbasecompatibility 2012/05/01  (rcs-revision 67c48b3b652d)
)
(C:\Users\matthews\AppData\Roaming\MiKTeX\2.9\tex\latex\beamer\base\beamerbasef
ont.sty
Package: beamerbasefont 2012/09/19  (rcs-revision 733629cd0c6c)
 ("C:\Program Files (x86)\MiKTeX 2.9\tex\latex\amsfonts\amssymb.sty"
Package: amssymb 2009/06/22 v3.00

("C:\Program Files (x86)\MiKTeX 2.9\tex\latex\amsfonts\amsfonts.sty"
Package: amsfonts 2009/06/22 v3.00 Basic AMSFonts support
\@emptytoks=\toks23
\symAMSa=\mathgroup4
\symAMSb=\mathgroup5
LaTeX Font Info:    Overwriting math alphabet `\mathfrak' in version `bold'
(Font)                  U/euf/m/n --> U/euf/b/n on input line 96.
)))
(C:\Users\matthews\AppData\Roaming\MiKTeX\2.9\tex\latex\beamer\base\beamerbaset
ranslator.sty
Package: beamerbasetranslator 2010/06/11  (rcs-revision 85fd1cc7fc42)

(C:\Users\matthews\AppData\Roaming\MiKTeX\2.9\tex\latex\beamer\base\translator\
translator.sty
Package: translator 2010/06/12 ver 1.10

(C:\Users\matthews\AppData\Roaming\MiKTeX\2.9\tex\latex\beamer\base\translator\
translator-language-mappings.tex)))
(C:\Users\matthews\AppData\Roaming\MiKTeX\2.9\tex\latex\beamer\base\beamerbasem
isc.sty
Package: beamerbasemisc 2012/02/24  (rcs-revision 2ff5461be705)
)
(C:\Users\matthews\AppData\Roaming\MiKTeX\2.9\tex\latex\beamer\base\beamerbaset
woscreens.sty
Package: beamerbasetwoscreens 2010/05/01  (rcs-revision efa082c6111d)
)
(C:\Users\matthews\AppData\Roaming\MiKTeX\2.9\tex\latex\beamer\base\beamerbaseo
verlay.sty
Package: beamerbaseoverlay 2012/11/11  (rcs-revision 6afbc49b1109)
\beamer@argscount=\count126
\beamer@lastskipcover=\skip44
\beamer@trivlistdepth=\count127
)
(C:\Users\matthews\AppData\Roaming\MiKTeX\2.9\tex\latex\beamer\base\beamerbaset
itle.sty
Package: beamerbasetitle 2010/09/21  (rcs-revision f0446ed0b6ae)
)
(C:\Users\matthews\AppData\Roaming\MiKTeX\2.9\tex\latex\beamer\base\beamerbases
ection.sty
Package: beamerbasesection 2012/11/11  (rcs-revision 0056eef6f17f)
\c@lecture=\count128
\c@part=\count129
\c@section=\count130
\c@subsection=\count131
\c@subsubsection=\count132
)
(C:\Users\matthews\AppData\Roaming\MiKTeX\2.9\tex\latex\beamer\base\beamerbasef
rame.sty
Package: beamerbaseframe 2012/09/13  (rcs-revision dcd846607320)
\beamer@framebox=\box40
\beamer@frametitlebox=\box41
\beamer@zoombox=\box42
\beamer@zoomcount=\count133
\beamer@zoomframecount=\count134
\beamer@frametextheight=\dimen164
\c@subsectionslide=\count135
\beamer@frametopskip=\skip45
\beamer@framebottomskip=\skip46
\beamer@frametopskipautobreak=\skip47
\beamer@framebottomskipautobreak=\skip48
\beamer@envbody=\toks24
\framewidth=\dimen165
\c@framenumber=\count136
)
(C:\Users\matthews\AppData\Roaming\MiKTeX\2.9\tex\latex\beamer\base\beamerbasev
erbatim.sty
Package: beamerbaseverbatim 2012/08/30  (rcs-revision dfdb135076b3)
\beamer@verbatimfileout=\write4
)
(C:\Users\matthews\AppData\Roaming\MiKTeX\2.9\tex\latex\beamer\base\beamerbasef
ramesize.sty
Package: beamerbaseframesize 2011/09/12  (rcs-revision 70f9d8411e54)
\beamer@splitbox=\box43
\beamer@autobreakcount=\count137
\beamer@autobreaklastheight=\dimen166
\beamer@frametitletoks=\toks25
\beamer@framesubtitletoks=\toks26
)
(C:\Users\matthews\AppData\Roaming\MiKTeX\2.9\tex\latex\beamer\base\beamerbasef
ramecomponents.sty
Package: beamerbaseframecomponents 2012/09/13  (rcs-revision dcd846607320)
\beamer@footins=\box44
)
(C:\Users\matthews\AppData\Roaming\MiKTeX\2.9\tex\latex\beamer\base\beamerbasec
olor.sty
Package: beamerbasecolor 2010/06/06  (rcs-revision d1a9b48be06d)
)
(C:\Users\matthews\AppData\Roaming\MiKTeX\2.9\tex\latex\beamer\base\beamerbasen
otes.sty
Package: beamerbasenotes 2010/05/01  (rcs-revision efa082c6111d)
\beamer@frameboxcopy=\box45
)
(C:\Users\matthews\AppData\Roaming\MiKTeX\2.9\tex\latex\beamer\base\beamerbaset
oc.sty
Package: beamerbasetoc 2012/10/02  (rcs-revision 5ed0f4010e8a)
)
(C:\Users\matthews\AppData\Roaming\MiKTeX\2.9\tex\latex\beamer\base\beamerbaset
emplates.sty
Package: beamerbasetemplates 2010/05/01  (rcs-revision efa082c6111d)
\beamer@sbttoks=\toks27

(C:\Users\matthews\AppData\Roaming\MiKTeX\2.9\tex\latex\beamer\base\beamerbasea
uxtemplates.sty
Package: beamerbaseauxtemplates 2012/05/01  (rcs-revision 67c48b3b652d)

(C:\Users\matthews\AppData\Roaming\MiKTeX\2.9\tex\latex\beamer\base\beamerbaseb
oxes.sty
Package: beamerbaseboxes 2012/05/13  (rcs-revision 56972908a390)
\bmb@box=\box46
\bmb@colorbox=\box47
\bmb@boxshadow=\box48
\bmb@boxshadowball=\box49
\bmb@boxshadowballlarge=\box50
\bmb@temp=\dimen167
\bmb@dima=\dimen168
\bmb@dimb=\dimen169
\bmb@prevheight=\dimen170
)
\beamer@blockheadheight=\dimen171
))
(C:\Users\matthews\AppData\Roaming\MiKTeX\2.9\tex\latex\beamer\base\beamerbasel
ocalstructure.sty
Package: beamerbaselocalstructure 2012/11/13  (rcs-revision ddfba79dac19)

("C:\Program Files (x86)\MiKTeX 2.9\tex\latex\tools\enumerate.sty"
Package: enumerate 1999/03/05 v3.00 enumerate extensions (DPC)
\@enLab=\toks28
)
\c@figure=\count138
\c@table=\count139
\abovecaptionskip=\skip49
\belowcaptionskip=\skip50
)
(C:\Users\matthews\AppData\Roaming\MiKTeX\2.9\tex\latex\beamer\base\beamerbasen
avigation.sty
Package: beamerbasenavigation 2012/04/03  (rcs-revision 42a0f21a412d)
\beamer@section@min@dim=\dimen172
)
(C:\Users\matthews\AppData\Roaming\MiKTeX\2.9\tex\latex\beamer\base\beamerbaset
heorems.sty
Package: beamerbasetheorems 2010/06/06  (rcs-revision 7e7cc5e53e9d)
 ("C:\Program Files (x86)\MiKTeX 2.9\tex\latex\ams\math\amsmath.sty"
Package: amsmath 2000/07/18 v2.13 AMS math features
\@mathmargin=\skip51
For additional information on amsmath, use the `?' option.
("C:\Program Files (x86)\MiKTeX 2.9\tex\latex\ams\math\amstext.sty"
Package: amstext 2000/06/29 v2.01

("C:\Program Files (x86)\MiKTeX 2.9\tex\latex\ams\math\amsgen.sty"
File: amsgen.sty 1999/11/30 v2.0
\@emptytoks=\toks29
\ex@=\dimen173
))
("C:\Program Files (x86)\MiKTeX 2.9\tex\latex\ams\math\amsbsy.sty"
Package: amsbsy 1999/11/29 v1.2d
\pmbraise@=\dimen174
)
("C:\Program Files (x86)\MiKTeX 2.9\tex\latex\ams\math\amsopn.sty"
Package: amsopn 1999/12/14 v2.01 operator names
)
\inf@bad=\count140
LaTeX Info: Redefining \frac on input line 211.
\uproot@=\count141
\leftroot@=\count142
LaTeX Info: Redefining \overline on input line 307.
\classnum@=\count143
\DOTSCASE@=\count144
LaTeX Info: Redefining \ldots on input line 379.
LaTeX Info: Redefining \dots on input line 382.
LaTeX Info: Redefining \cdots on input line 467.
\Mathstrutbox@=\box51
\strutbox@=\box52
\big@size=\dimen175
LaTeX Font Info:    Redeclaring font encoding OML on input line 567.
LaTeX Font Info:    Redeclaring font encoding OMS on input line 568.
\macc@depth=\count145
\c@MaxMatrixCols=\count146
\dotsspace@=\muskip11
\c@parentequation=\count147
\dspbrk@lvl=\count148
\tag@help=\toks30
\row@=\count149
\column@=\count150
\maxfields@=\count151
\andhelp@=\toks31
\eqnshift@=\dimen176
\alignsep@=\dimen177
\tagshift@=\dimen178
\tagwidth@=\dimen179
\totwidth@=\dimen180
\lineht@=\dimen181
\@envbody=\toks32
\multlinegap=\skip52
\multlinetaggap=\skip53
\mathdisplay@stack=\toks33
LaTeX Info: Redefining \[ on input line 2666.
LaTeX Info: Redefining \] on input line 2667.
)
("C:\Program Files (x86)\MiKTeX 2.9\tex\latex\ams\classes\amsthm.sty"
Package: amsthm 2004/08/06 v2.20
\thm@style=\toks34
\thm@bodyfont=\toks35
\thm@headfont=\toks36
\thm@notefont=\toks37
\thm@headpunct=\toks38
\thm@preskip=\skip54
\thm@postskip=\skip55
\thm@headsep=\skip56
\dth@everypar=\toks39
)
\c@theorem=\count152
)
(C:\Users\matthews\AppData\Roaming\MiKTeX\2.9\tex\latex\beamer\base\beamerbaset
hemes.sty
Package: beamerbasethemes 2010/05/01  (rcs-revision efa082c6111d)
))
(C:\Users\matthews\AppData\Roaming\MiKTeX\2.9\tex\latex\beamer\base\themes\them
e\beamerthemedefault.sty
Package: beamerthemedefault 2010/06/17  (rcs-revision d02a7cf4d8ae)

(C:\Users\matthews\AppData\Roaming\MiKTeX\2.9\tex\latex\beamer\base\themes\font
\beamerfontthemedefault.sty
Package: beamerfontthemedefault 2010/06/17  (rcs-revision d02a7cf4d8ae)
)
(C:\Users\matthews\AppData\Roaming\MiKTeX\2.9\tex\latex\beamer\base\themes\colo
r\beamercolorthemedefault.sty
Package: beamercolorthemedefault 2010/06/17  (rcs-revision d02a7cf4d8ae)
)
(C:\Users\matthews\AppData\Roaming\MiKTeX\2.9\tex\latex\beamer\base\themes\inne
r\beamerinnerthemedefault.sty
Package: beamerinnerthemedefault 2012/05/01  (rcs-revision 67c48b3b652d)
\beamer@dima=\dimen182
\beamer@dimb=\dimen183
)
(C:\Users\matthews\AppData\Roaming\MiKTeX\2.9\tex\latex\beamer\base\themes\oute
r\beamerouterthemedefault.sty
Package: beamerouterthemedefault 2012/10/02  (rcs-revision 5ed0f4010e8a)
)))
(C:\Users\matthews\AppData\Roaming\MiKTeX\2.9\tex\latex\beamer\base\themes\them
e\beamerthemeSingapore.sty
Package: beamerthemeSingapore 2010/06/17  (rcs-revision d02a7cf4d8ae)

(C:\Users\matthews\AppData\Roaming\MiKTeX\2.9\tex\latex\beamer\base\themes\oute
r\beamerouterthememiniframes.sty
Package: beamerouterthememiniframes 2010/06/17  (rcs-revision d02a7cf4d8ae)
))
("C:\Program Files (x86)\MiKTeX 2.9\tex\latex\base\latexsym.sty"
Package: latexsym 1998/08/17 v2.2e Standard LaTeX package (lasy symbols)
\symlasy=\mathgroup6
LaTeX Font Info:    Overwriting symbol font `lasy' in version `bold'
(Font)                  U/lasy/m/n --> U/lasy/b/n on input line 47.
)

Package hyperref Warning: Token not allowed in a PDF string (PDFDocEncoding):
(hyperref)                removing `\\' on input line 32.


Package hyperref Warning: Token not allowed in a PDF string (PDFDocEncoding):
(hyperref)                removing `\\' on input line 32.

(C:\Users\matthews\Documents\csci321\Lectures\history\history.aux)
LaTeX Font Info:    Checking defaults for OML/cmm/m/it on input line 36.
LaTeX Font Info:    ... okay on input line 36.
LaTeX Font Info:    Checking defaults for T1/cmr/m/n on input line 36.
LaTeX Font Info:    ... okay on input line 36.
LaTeX Font Info:    Checking defaults for OT1/cmr/m/n on input line 36.
LaTeX Font Info:    ... okay on input line 36.
LaTeX Font Info:    Checking defaults for OMS/cmsy/m/n on input line 36.
LaTeX Font Info:    ... okay on input line 36.
LaTeX Font Info:    Checking defaults for OMX/cmex/m/n on input line 36.
LaTeX Font Info:    ... okay on input line 36.
LaTeX Font Info:    Checking defaults for U/cmr/m/n on input line 36.
LaTeX Font Info:    ... okay on input line 36.
LaTeX Font Info:    Checking defaults for PD1/pdf/m/n on input line 36.
LaTeX Font Info:    ... okay on input line 36.

*geometry* driver: auto-detecting
*geometry* detected driver: pdftex
*geometry* verbose mode - [ preamble ] result:
* driver: pdftex
* paper: custom
* layout: <same size as paper>
* layoutoffset:(h,v)=(0.0pt,0.0pt)
* modes: includehead includefoot 
* h-part:(L,W,R)=(28.45274pt, 307.28987pt, 28.45274pt)
* v-part:(T,H,B)=(0.0pt, 273.14662pt, 0.0pt)
* \paperwidth=364.19536pt
* \paperheight=273.14662pt
* \textwidth=307.28987pt
* \textheight=244.6939pt
* \oddsidemargin=-43.81725pt
* \evensidemargin=-43.81725pt
* \topmargin=-72.26999pt
* \headheight=14.22636pt
* \headsep=0.0pt
* \topskip=11.0pt
* \footskip=14.22636pt
* \marginparwidth=4.0pt
* \marginparsep=10.0pt
* \columnsep=10.0pt
* \skip\footins=10.0pt plus 4.0pt minus 2.0pt
* \hoffset=0.0pt
* \voffset=0.0pt
* \mag=1000
* \@twocolumnfalse
* \@twosidefalse
* \@mparswitchfalse
* \@reversemarginfalse
* (1in=72.27pt=25.4mm, 1cm=28.453pt)

(C:\Users\matthews\AppData\Roaming\MiKTeX\2.9\tex\context\base\supp-pdf.mkii
[Loading MPS to PDF converter (version 2006.09.02).]
\scratchcounter=\count153
\scratchdimen=\dimen184
\scratchbox=\box53
\nofMPsegments=\count154
\nofMParguments=\count155
\everyMPshowfont=\toks40
\MPscratchCnt=\count156
\MPscratchDim=\dimen185
\MPnumerator=\count157
\makeMPintoPDFobject=\count158
\everyMPtoPDFconversion=\toks41
) ABD: EveryShipout initializing macros
\AtBeginShipoutBox=\box54
Package hyperref Info: Link coloring OFF on input line 36.

("C:\Program Files (x86)\MiKTeX 2.9\tex\latex\hyperref\nameref.sty"
Package: nameref 2010/04/30 v2.40 Cross-referencing by name of section

("C:\Program Files (x86)\MiKTeX 2.9\tex\generic\oberdiek\gettitlestring.sty"
Package: gettitlestring 2010/12/03 v1.4 Cleanup title references (HO)
)
\c@section@level=\count159
)
LaTeX Info: Redefining \ref on input line 36.
LaTeX Info: Redefining \pageref on input line 36.
LaTeX Info: Redefining \nameref on input line 36.

(C:\Users\matthews\Documents\csci321\Lectures\history\history.out)
(C:\Users\matthews\Documents\csci321\Lectures\history\history.out)
\@outlinefile=\write5
LaTeX Font Info:    Overwriting symbol font `operators' in version `normal'
(Font)                  OT1/cmr/m/n --> OT1/cmss/m/n on input line 36.
LaTeX Font Info:    Overwriting symbol font `operators' in version `bold'
(Font)                  OT1/cmr/bx/n --> OT1/cmss/bx/n on input line 36.
\symnumbers=\mathgroup7
\sympureletters=\mathgroup8
LaTeX Font Info:    Overwriting math alphabet `\mathrm' in version `normal'
(Font)                  OT1/cmss/m/n --> OT1/cmr/m/n on input line 36.
LaTeX Font Info:    Redeclaring math alphabet \mathbf on input line 36.
LaTeX Font Info:    Overwriting math alphabet `\mathbf' in version `normal'
(Font)                  OT1/cmr/bx/n --> OT1/cmss/bx/n on input line 36.
LaTeX Font Info:    Overwriting math alphabet `\mathbf' in version `bold'
(Font)                  OT1/cmr/bx/n --> OT1/cmss/bx/n on input line 36.
LaTeX Font Info:    Redeclaring math alphabet \mathsf on input line 36.
LaTeX Font Info:    Overwriting math alphabet `\mathsf' in version `normal'
(Font)                  OT1/cmss/m/n --> OT1/cmss/m/n on input line 36.
LaTeX Font Info:    Overwriting math alphabet `\mathsf' in version `bold'
(Font)                  OT1/cmss/bx/n --> OT1/cmss/m/n on input line 36.
LaTeX Font Info:    Redeclaring math alphabet \mathit on input line 36.
LaTeX Font Info:    Overwriting math alphabet `\mathit' in version `normal'
(Font)                  OT1/cmr/m/it --> OT1/cmss/m/it on input line 36.
LaTeX Font Info:    Overwriting math alphabet `\mathit' in version `bold'
(Font)                  OT1/cmr/bx/it --> OT1/cmss/m/it on input line 36.
LaTeX Font Info:    Redeclaring math alphabet \mathtt on input line 36.
LaTeX Font Info:    Overwriting math alphabet `\mathtt' in version `normal'
(Font)                  OT1/cmtt/m/n --> OT1/cmtt/m/n on input line 36.
LaTeX Font Info:    Overwriting math alphabet `\mathtt' in version `bold'
(Font)                  OT1/cmtt/m/n --> OT1/cmtt/m/n on input line 36.
LaTeX Font Info:    Overwriting symbol font `numbers' in version `bold'
(Font)                  OT1/cmss/m/n --> OT1/cmss/bx/n on input line 36.
LaTeX Font Info:    Overwriting symbol font `pureletters' in version `bold'
(Font)                  OT1/cmss/m/it --> OT1/cmss/bx/it on input line 36.
LaTeX Font Info:    Overwriting math alphabet `\mathrm' in version `bold'
(Font)                  OT1/cmss/bx/n --> OT1/cmr/bx/n on input line 36.
LaTeX Font Info:    Overwriting math alphabet `\mathbf' in version `bold'
(Font)                  OT1/cmss/bx/n --> OT1/cmss/bx/n on input line 36.
LaTeX Font Info:    Overwriting math alphabet `\mathsf' in version `bold'
(Font)                  OT1/cmss/m/n --> OT1/cmss/bx/n on input line 36.
LaTeX Font Info:    Overwriting math alphabet `\mathit' in version `bold'
(Font)                  OT1/cmss/m/it --> OT1/cmss/bx/it on input line 36.
LaTeX Font Info:    Overwriting math alphabet `\mathtt' in version `bold'
(Font)                  OT1/cmtt/m/n --> OT1/cmtt/bx/n on input line 36.

(C:\Users\matthews\AppData\Roaming\MiKTeX\2.9\tex\latex\beamer\base\translator\
dicts\translator-basic-dictionary\translator-basic-dictionary-English.dict
Dictionary: translator-basic-dictionary, Language: English 
)
(C:\Users\matthews\AppData\Roaming\MiKTeX\2.9\tex\latex\beamer\base\translator\
dicts\translator-bibliography-dictionary\translator-bibliography-dictionary-Eng
lish.dict
Dictionary: translator-bibliography-dictionary, Language: English 
)
(C:\Users\matthews\AppData\Roaming\MiKTeX\2.9\tex\latex\beamer\base\translator\
dicts\translator-environment-dictionary\translator-environment-dictionary-Engli
sh.dict
Dictionary: translator-environment-dictionary, Language: English 
)
(C:\Users\matthews\AppData\Roaming\MiKTeX\2.9\tex\latex\beamer\base\translator\
dicts\translator-months-dictionary\translator-months-dictionary-English.dict
Dictionary: translator-months-dictionary, Language: English 
)
(C:\Users\matthews\AppData\Roaming\MiKTeX\2.9\tex\latex\beamer\base\translator\
dicts\translator-numbers-dictionary\translator-numbers-dictionary-English.dict
Dictionary: translator-numbers-dictionary, Language: English 
)
(C:\Users\matthews\AppData\Roaming\MiKTeX\2.9\tex\latex\beamer\base\translator\
dicts\translator-theorem-dictionary\translator-theorem-dictionary-English.dict
Dictionary: translator-theorem-dictionary, Language: English 
)
LaTeX Info: Redefining \includegraphics on input line 36.
(C:\Users\matthews\Documents\csci321\Lectures\history\history.nav)

LaTeX Font Warning: Font shape `OT1/cmss/m/n' in size <4> not available
(Font)              size <5> substituted on input line 37.

[1

{C:/Users/matthews/AppData/Local/MiKTeX/2.9/pdftex/config/pdftex.map}]
<tennisfortwo.png, id=46, 321.2pt x 240.9pt>
File: tennisfortwo.png Graphic file (type png)
 <use tennisfortwo.png>
Package pdftex.def Info: tennisfortwo.png used on input line 50.
(pdftex.def)             Requested size: 122.91406pt x 92.18622pt.
LaTeX Font Info:    Try loading font information for U+msa on input line 50.

("C:\Program Files (x86)\MiKTeX 2.9\tex\latex\amsfonts\umsa.fd"
File: umsa.fd 2009/06/22 v3.00 AMS symbols A
)
LaTeX Font Info:    Try loading font information for U+msb on input line 50.

("C:\Program Files (x86)\MiKTeX 2.9\tex\latex\amsfonts\umsb.fd"
File: umsb.fd 2009/06/22 v3.00 AMS symbols B
)
LaTeX Font Info:    Try loading font information for U+lasy on input line 50.

("C:\Program Files (x86)\MiKTeX 2.9\tex\latex\base\ulasy.fd"
File: ulasy.fd 1998/08/17 v2.2e LaTeX symbol font definitions
)
LaTeX Font Info:    Try loading font information for OMS+cmss on input line 50.

LaTeX Font Info:    No file OMScmss.fd. on input line 50.


LaTeX Font Warning: Font shape `OMS/cmss/m/n' undefined
(Font)              using `OMS/cmsy/m/n' instead
(Font)              for symbol `textbullet' on input line 50.

[2

 <C:/Users/matthews/Documents/csci321/Lectures/history/tennisfortwo.png>]
<spacewar.png, id=75, 301.125pt x 301.125pt>
File: spacewar.png Graphic file (type png)
 <use spacewar.png>
Package pdftex.def Info: spacewar.png used on input line 69.
(pdftex.def)             Requested size: 122.91406pt x 122.91525pt.

<pdp1.png, id=76, 289.08pt x 221.82875pt>
File: pdp1.png Graphic file (type png)
 <use pdp1.png>
Package pdftex.def Info: pdp1.png used on input line 69.
(pdftex.def)             Requested size: 184.3758pt x 141.48248pt.
 [3

 <C:/Users/matthews/Documents/csci321/Lectures/history/spacewar.png> <C:/Users/
matthews/Documents/csci321/Lectures/history/pdp1.png>] [4

]
<computer-space.png, id=129, 303.1325pt x 600.2425pt>
File: computer-space.png Graphic file (type png)
 <use computer-space.png>
Package pdftex.def Info: computer-space.png used on input line 98.
(pdftex.def)             Requested size: 122.91406pt x 243.38997pt.

Overfull \vbox (9.1168pt too high) detected at line 98
 []

[5

 <C:/Users/matthews/Documents/csci321/Lectures/history/computer-space.png>]
<pacman.png, id=155, 168.63pt x 216.81pt>
File: pacman.png Graphic file (type png)
 <use pacman.png>
Package pdftex.def Info: pacman.png used on input line 112.
(pdftex.def)             Requested size: 122.91406pt x 158.0351pt.
 [6

 <C:/Users/matthews/Documents/csci321/Lectures/history/pacman.png>]
<donkeykong.png, id=182, 361.35pt x 726.715pt>
File: donkeykong.png Graphic file (type png)
 <use donkeykong.png>
Package pdftex.def Info: donkeykong.png used on input line 128.
(pdftex.def)             Requested size: 122.91406pt x 247.1907pt.

Overfull \vbox (12.91754pt too high) detected at line 128
 []

[7

 <C:/Users/matthews/Documents/csci321/Lectures/history/donkeykong.png>]
<teletype.png, id=210, 435.6275pt x 425.59pt>
File: teletype.png Graphic file (type png)
 <use teletype.png>
Package pdftex.def Info: teletype.png used on input line 139.
(pdftex.def)             Requested size: 215.10196pt x 210.14493pt.
 [8

 <C:/Users/matthews/Documents/csci321/Lectures/history/teletype.png>]
<startrek.png, id=237, 532.99126pt x 305.14pt>
File: startrek.png Graphic file (type png)
 <use startrek.png>
Package pdftex.def Info: startrek.png used on input line 155.
(pdftex.def)             Requested size: 245.83282pt x 140.73857pt.
 [9

 <C:/Users/matthews/Documents/csci321/Lectures/history/startrek.png>]
<zork.png, id=264, 97.66216pt x 116.54352pt>
File: zork.png Graphic file (type png)
 <use zork.png>
Package pdftex.def Info: zork.png used on input line 169.
(pdftex.def)             Requested size: 122.91406pt x 146.68553pt.
 [10

 <C:/Users/matthews/Documents/csci321/Lectures/history/zork.png>]
<Microvision2.png, id=290, 210.7875pt x 426.59375pt>
File: Microvision2.png Graphic file (type png)
 <use Microvision2.png>
Package pdftex.def Info: Microvision2.png used on input line 182.
(pdftex.def)             Requested size: 92.1879pt x 186.57571pt.

[11

 <C:/Users/matthews/Documents/csci321/Lectures/history/Microvision2.png>]
<Pong.png, id=317, 180.675pt x 150.5625pt>
File: Pong.png Graphic file (type png)
 <use Pong.png>
Package pdftex.def Info: Pong.png used on input line 195.
(pdftex.def)             Requested size: 122.91406pt x 102.42938pt.

<Magnavoxodyssey.png, id=318, 230.8625pt x 146.5475pt>
File: Magnavoxodyssey.png Graphic file (type png)

<use Magnavoxodyssey.png>
Package pdftex.def Info: Magnavoxodyssey.png used on input line 195.
(pdftex.def)             Requested size: 122.91406pt x 78.0231pt.
 [12

 <C:/Users/matthews/Documents/csci321/Lectures/history/Pong.png> <C:/Users/matt
hews/Documents/csci321/Lectures/history/Magnavoxodyssey.png>] <spaceinvaders.pn
g, id=345, 321.2pt x 224.84pt>
File: spaceinvaders.png Graphic file (type png)

<use spaceinvaders.png>
Package pdftex.def Info: spaceinvaders.png used on input line 211.
(pdftex.def)             Requested size: 122.91406pt x 86.04047pt.
 [13

 <C:/Users/matthews/Documents/csci321/Lectures/history/spaceinvaders.png>] [14

] <supermariobros.png, id=398, 256.96pt x 240.9pt>
File: supermariobros.png Graphic file (type png)

<use supermariobros.png>
Package pdftex.def Info: supermariobros.png used on input line 238.
(pdftex.def)             Requested size: 122.91406pt x 115.23369pt.
 <nes.png, id=399, 803.0pt x 560.0925pt>
File: nes.png Graphic file (type png)
 <use nes.png>
Package pdftex.def Info: nes.png used on input line 238.
(pdftex.def)             Requested size: 122.91406pt x 85.72806pt.

[15

 <C:/Users/matthews/Documents/csci321/Lectures/history/supermariobros.png> <C:/
Users/matthews/Documents/csci321/Lectures/history/nes.png>]
<ffoutside.png, id=427, 256.96pt x 240.9pt>
File: ffoutside.png Graphic file (type png)
 <use ffoutside.png>
Package pdftex.def Info: ffoutside.png used on input line 251.
(pdftex.def)             Requested size: 153.64493pt x 144.04486pt.

<ffinside.png, id=428, 256.96pt x 240.9pt>
File: ffinside.png Graphic file (type png)
 <use ffinside.png>
Package pdftex.def Info: ffinside.png used on input line 251.
(pdftex.def)             Requested size: 153.64493pt x 144.04486pt.
 [16

 <C:/Users/matthews/Documents/csci321/Lectures/history/ffoutside.png> <C:/Users
/matthews/Documents/csci321/Lectures/history/ffinside.png>]
<appleII.png, id=456, 451.6875pt x 602.25pt>
File: appleII.png Graphic file (type png)
 <use appleII.png>
Package pdftex.def Info: appleII.png used on input line 267.
(pdftex.def)             Requested size: 122.91406pt x 163.88702pt.

<Commodore64.png, id=457, 240.9pt x 119.2455pt>
File: Commodore64.png Graphic file (type png)
 <use Commodore64.png>
Package pdftex.def Info: Commodore64.png used on input line 267.
(pdftex.def)             Requested size: 184.3758pt x 91.26797pt.
 [17

 <C:/Users/matthews/Documents/csci321/Lectures/history/appleII.png> <C:/Users/m
atthews/Documents/csci321/Lectures/history/Commodore64.png>]
<creativecomputingv1n1.png, id=485, 602.25pt x 789.95125pt>
File: creativecomputingv1n1.png Graphic file (type png)

<use creativecomputingv1n1.png>
Package pdftex.def Info: creativecomputingv1n1.png used on input line 278.
(pdftex.def)             Requested size: 122.91406pt x 161.21783pt.
 [18

 <C:/Users/matthews/Documents/csci321/Lectures/history/creativecomputingv1n1.pn
g>]
<pinballconstructionset.png, id=511, 481.8pt x 301.125pt>
File: pinballconstructionset.png Graphic file (type png)

<use pinballconstructionset.png>
Package pdftex.def Info: pinballconstructionset.png used on input line 295.
(pdftex.def)             Requested size: 153.64493pt x 96.02654pt.
 <simcity.png, id=512, 803.0pt x 602.25pt>
File: simcity.png Graphic file (type png)

<use simcity.png>
Package pdftex.def Info: simcity.png used on input line 295.
(pdftex.def)             Requested size: 153.64493pt x 115.22818pt.
 [19

 <C:/Users/matthews/Documents/csci321/Lectures/history/pinballconstructionset.p
ng> <C:/Users/matthews/Documents/csci321/Lectures/history/simcity.png>] <doombo
x.png, id=541, 168.63pt x 225.84375pt>
File: doombox.png Graphic file (type png)
 <use doombox.png>
Package pdftex.def Info: doombox.png used on input line 311.
(pdftex.def)             Requested size: 86.03946pt x 115.23392pt.

<warcraftbox.png, id=542, 241.90375pt x 241.90375pt>
File: warcraftbox.png Graphic file (type png)
 <use warcraftbox.png>
Package pdftex.def Info: warcraftbox.png used on input line 311.
(pdftex.def)             Requested size: 86.03946pt x 86.04068pt.

[20

 <C:/Users/matthews/Documents/csci321/Lectures/history/doombox.png> <C:/Users/m
atthews/Documents/csci321/Lectures/history/warcraftbox.png>]
<ddr.png, id=570, 584.1825pt x 775.89874pt>
File: ddr.png Graphic file (type png)
 <use ddr.png>
Package pdftex.def Info: ddr.png used on input line 324.
(pdftex.def)             Requested size: 153.64493pt x 204.06125pt.
 [21

 <C:/Users/matthews/Documents/csci321/Lectures/history/ddr.png>]
<gameboy.png, id=597, 87.9285pt x 144.2991pt>
File: gameboy.png Graphic file (type png)
 <use gameboy.png>
Package pdftex.def Info: gameboy.png used on input line 336.
(pdftex.def)             Requested size: 122.91406pt x 201.7267pt.
 [22

 <C:/Users/matthews/Documents/csci321/Lectures/history/gameboy.png>]
<sonic.png, id=623, 321.2pt x 224.84pt>
File: sonic.png Graphic file (type png)
 <use sonic.png>
Package pdftex.def Info: sonic.png used on input line 350.
(pdftex.def)             Requested size: 147.50119pt x 103.25267pt.

<marioyoshi.png, id=624, 256.96pt x 223.83624pt>
File: marioyoshi.png Graphic file (type png)
 <use marioyoshi.png>
Package pdftex.def Info: marioyoshi.png used on input line 350.
(pdftex.def)             Requested size: 147.50119pt x 128.48965pt.
 [23

 <C:/Users/matthews/Documents/csci321/Lectures/history/sonic.png> <C:/Users/mat
thews/Documents/csci321/Lectures/history/marioyoshi.png>]
<legendofzeldaocarinaoftime.png, id=652, 770.88pt x 462.72874pt>
File: legendofzeldaocarinaoftime.png Graphic file (type png)

<use legendofzeldaocarinaoftime.png>
Package pdftex.def Info: legendofzeldaocarinaoftime.png used on input line 361.

(pdftex.def)             Requested size: 276.559pt x 166.00323pt.
 [24

 <C:/Users/matthews/Documents/csci321/Lectures/history/legendofzeldaocarinaofti
me.png>]
<grandtheftauto.png, id=678, 361.35pt x 271.0125pt>
File: grandtheftauto.png Graphic file (type png)
 <use grandtheftauto.png>
Package pdftex.def Info: grandtheftauto.png used on input line 375.
(pdftex.def)             Requested size: 215.10196pt x 161.3268pt.

[25

 <C:/Users/matthews/Documents/csci321/Lectures/history/grandtheftauto.png>]
<wiisports.png, id=706, 835.12pt x 457.71pt>
File: wiisports.png Graphic file (type png)
 <use wiisports.png>
Package pdftex.def Info: wiisports.png used on input line 387.
(pdftex.def)             Requested size: 307.28987pt x 168.42116pt.
 [26

 <C:/Users/matthews/Documents/csci321/Lectures/history/wiisports.png>]
<wii-u-controller.png, id=731, 602.25pt x 399.4925pt>
File: wii-u-controller.png Graphic file (type png)

<use wii-u-controller.png>
Package pdftex.def Info: wii-u-controller.png used on input line 396.
(pdftex.def)             Requested size: 307.28987pt x 203.8421pt.

Overfull \vbox (15.36896pt too high) detected at line 396
 []

[27

 <C:/Users/matthews/Documents/csci321/Lectures/history/wii-u-controller.png>] <
angrybirds.jpg, id=757, 652.4375pt x 342.27875pt>
File: angrybirds.jpg Graphic file (type jpg)
 <use angrybirds.jpg>
Package pdftex.def Info: angrybirds.jpg used on input line 403.
(pdftex.def)             Requested size: 307.28987pt x 161.21573pt.

[28

 <C:/Users/matthews/Documents/csci321/Lectures/history/angrybirds.jpg>]
\tf@nav=\write6
\tf@toc=\write7
\tf@snm=\write8
Package atveryend Info: Empty hook `BeforeClearDocument' on input line 405.
Package atveryend Info: Empty hook `AfterLastShipout' on input line 405.

(C:\Users\matthews\Documents\csci321\Lectures\history\history.aux)
Package atveryend Info: Executing hook `AtVeryEndDocument' on input line 405.
Package atveryend Info: Executing hook `AtEndAfterFileList' on input line 405.
Package rerunfilecheck Info: File `history.out' has not changed.
(rerunfilecheck)             Checksum: D41D8CD98F00B204E9800998ECF8427E;0.


LaTeX Font Warning: Size substitutions with differences
(Font)              up to 1.0pt have occurred.


LaTeX Font Warning: Some font shapes were not available, defaults substituted.

 ) 
Here is how much of TeX's memory you used:
 15563 strings out of 494045
 293332 string characters out of 3145961
 363932 words of memory out of 3000000
 18397 multiletter control sequences out of 15000+200000
 10881 words of font info for 42 fonts, out of 3000000 for 9000
 715 hyphenation exceptions out of 8191
 49i,15n,53p,413b,603s stack positions out of 5000i,500n,10000p,200000b,50000s
<C:/Program Files (x86)/MiKTeX 2.9/fonts/type1/public/amsfonts/cm/cmss10.pfb>
<C:/Program Files (x86)/MiKTeX 2.9/fonts/type1/public/amsfonts/cm/cmss12.pfb><C
:/Program Files (x86)/MiKTeX 2.9/fonts/type1/public/amsfonts/cm/cmssi10.pfb><C:
/Program Files (x86)/MiKTeX 2.9/fonts/type1/public/amsfonts/cm/cmsy10.pfb>
Output written on history.pdf (28 pages, 7924826 bytes).
PDF statistics:
 811 PDF objects out of 1000 (max. 8388607)
 57 named destinations out of 1000 (max. 500000)
 214 words of extra memory for PDF output out of 10000 (max. 10000000)

